[1626406096.574][INFO]: Starting ChromeDriver 91.0.4472.101 (af52a90bf87030dd1523486a1cd3ae25c5d76c9b-refs/branch-heads/4472@{#1462}) on port 38315
[1626406096.575][INFO]: Please see https://chromedriver.chromium.org/security-considerations for suggestions on keeping ChromeDriver safe.
[1626406097.644][INFO]: [d389557729bc66b1daa4f1e8ab0d7148] COMMAND InitSession {
   "capabilities": {
      "firstMatch": [ {
         "browserName": "chrome",
         "goog:chromeOptions": {
            "args": [ "user-data-dir=C:\\Users\\DELL\\AppData\\Local\\Google\\Chrome\\User Data\\Profile 23", "--disable-notifications", "--start-maximized", "--ignore-certificate-errors" ],
            "extensions": [  ]
         }
      } ]
   },
   "desiredCapabilities": {
      "browserName": "chrome",
      "goog:chromeOptions": {
         "args": [ "user-data-dir=C:\\Users\\DELL\\AppData\\Local\\Google\\Chrome\\User Data\\Profile 23", "--disable-notifications", "--start-maximized", "--ignore-certificate-errors" ],
         "extensions": [  ]
      }
   }
}
[1626406097.671][INFO]: Populating Preferences file: {
   "account_id_migration_state": 2,
   "account_tracker_service_last_update": "13270878755540592",
   "alternate_error_pages": {
      "backup": true
   },
   "autocomplete": {
      "retention_policy_last_version": 91
   },
   "autofill": {
      "orphan_rows_removed": true
   },
   "autogenerated": {
      "theme": {
         "color": -4385188
      }
   },
   "browser": {
      "has_seen_welcome_page": true,
      "window_placement": {
         "bottom": 701,
         "left": 2,
         "maximized": true,
         "right": 1012,
         "top": 10,
         "work_area_bottom": 728,
         "work_area_left": 0,
         "work_area_right": 1366,
         "work_area_top": 0
      }
   },
   "countryid_at_install": 18766,
   "data_reduction": {
      "daily_original_length": [ "0", "0", "0", "0", "0", "0", "0", "0", "0", "0", "0", "0", "0", "0", "0", "0", "0", "0", "0", "0", "0", "0", "0", "0", "0", "0", "0", "0", "0", "0", "0", "0", "0", "0", "0", "0", "0", "0", "0", "0", "0", "0", "0", "0", "0", "0", "0", "0", "0", "0", "0", "0", "0", "0", "0", "0", "0", "0", "98428", "324261" ],
      "daily_received_length": [ "0", "0", "0", "0", "0", "0", "0", "0", "0", "0", "0", "0", "0", "0", "0", "0", "0", "0", "0", "0", "0", "0", "0", "0", "0", "0", "0", "0", "0", "0", "0", "0", "0", "0", "0", "0", "0", "0", "0", "0", "0", "0", "0", "0", "0", "0", "0", "0", "0", "0", "0", "0", "0", "0", "0", "0", "0", "0", "98428", "324261" ],
      "last_update_date": "13270847400000000",
      "this_week_number": 2689,
      "this_week_services_downstream_foreground_kb": {
         "107267424": 2,
         "112189210": 12,
         "125522256": 1,
         "130931413": 6,
         "21145003": 1261,
         "25921771": 6,
         "35473769": 0,
         "35565745": 8,
         "41424546": 6,
         "47815025": 6,
         "50464499": 1,
         "5151071": 3,
         "54845618": 14,
         "6019475": 104,
         "61656965": 0,
         "65957842": 1,
         "67052219": 0,
         "73107389": 19,
         "7687691": 0,
         "78917933": 405,
         "8561691": 0,
         "88863520": 0,
         "95682324": 3
      }
   },
   "default_apps_install_state": 3,
   "domain_diversity": {
      "last_reporting_timestamp": "13270877651262821"
   },
   "download": {
      "directory_upgrade": true
   },
   "extensions": {
      "alerts": {
         "initialized": true
      },
      "chrome_url_overrides": {

      },
      "commands": {

      },
      "install_signature": {
         "expire_date": "2021-10-06",
         "ids": [ "aapocclcgogkmnckokdopfmhonfmgoek", "aohghmighlieiainnegkcijnfilokake", "felcaaldnbdncclmgdcncolpebgiejap", "ghbmnnjooekpmoecnnnilnnbdlolhkhi", "ljngjbnaijcbncmcnjfhigebomdlkcjo" ],
         "invalid_ids": [  ],
         "salt": "3kkdNdp8cA/toy0S92oc11Vjj1ClzhyiMY7sFMsLLDs=",
         "signature": "PglofVW430sdm2hUbTeQqTe/gOOft1NKCkt+Px/h3AoQEW0AhuPvcavRR7HwKgcCLtD9ZfADPIh5yJhQ1Baf5qXW7LwAIMEEn95yKp9ut2hbmoKwepc/EwuP+IoCrSoqpbJ4IS3UhOjfcgxwXXXA09t9xpAsQVAAHDP/602P5dDaERRMTC+yXuA3tZeonzkZFY94RIYzsLrLJrYw1mFf6cwEgGIuAkny5WVdq4WtNFZ6+0KzEzDj4DPUJMZmLd9D3g0Oe2GQavJtV///3aQxssdS/2c/u3ER7bQX/chbDcUFtM3QkJ7J1adAiBHae2llrMpvuYzbuX6SZB231NfTmA==",
         "signature_format_version": 2,
         "timestamp": "13270793118084914"
      },
      "last_chrome_version": "91.0.4472.124",
      "theme": {
         "id": "autogenerated_theme_id"
      },
      "toolbar": [ "ljngjbnaijcbncmcnjfhigebomdlkcjo" ]
   },
   "federated_learning": {
      "floc_id": {
         "compute_time": "13270792356765744",
         "finch_config_version": "1",
         "history_begin_time": "0",
         "history_end_time": "0",
         "sorting_lsh_version": "0"
      }
   },
   "gaia_cookie": {
      "changed_time": 1626318757.0751,
      "hash": "2jmj7l5rSw0yVb/vlWAYkK/YBwk=",
      "last_list_accounts_data": "[\"gaia.l.a.r\",[]]"
   },
   "gcm": {
      "product_category_for_subtypes": "com.chrome.windows"
   },
   "google": {
      "services": {
         "signin_scoped_device_id": "438f31f3-38d1-47fe-b7e4-c975fc27f577"
      }
   },
   "http_original_content_length": "422689",
   "http_received_content_length": "422689",
   "in_product_help": {
      "snoozed_feature": {
         "IPH_ProfileSwitch": {
            "is_dismissed": false,
            "last_show_time": "13270792376165554",
            "last_snooze_duration": "0",
            "last_snooze_time": "0",
            "show_count": 1,
            "snooze_count": 0
         }
      }
   },
   "intl": {
      "selected_languages": "en-US,en"
   },
   "invalidation": {
      "per_sender_topics_to_handler": {
         "1013309121859": {

         },
         "8181035976": {

         }
      }
   },
   "language_model_counters": {
      "en": 11
   },
   "media": {
      "device_id_salt": "4F219AAD3C911AD675F955A78F8DFE82",
      "engagement": {
         "schema_version": 4
      }
   },
   "media_router": {
      "receiver_id_hash_token": "KY0OQrwUu9oCwNHQgbNtCnrJTJ96R0s2wghIbyL7GssOzGwwqTHuvMf1LWj0RYhzc3RmGtXOIi5L0uWjPiYumA=="
   },
   "ntp": {
      "custom_background_local_to_device": false,
      "num_personal_suggestions": 5
   },
   "optimization_guide": {
      "hintsfetcher": {
         "last_fetch_attempt": "13270792376820104"
      }
   },
   "plugins": {
      "plugins_list": [  ]
   },
   "privacy_sandbox": {
      "preferences_reconciled": true
   },
   "profile": {
      "avatar_bubble_tutorial_shown": 2,
      "avatar_index": 26,
      "content_settings": {
         "enable_quiet_permission_ui_enabling_method": {
            "notifications": 1
         },
         "exceptions": {
            "accessibility_events": {

            },
            "app_banner": {

            },
            "ar": {

            },
            "auto_select_certificate": {

            },
            "automatic_downloads": {

            },
            "autoplay": {

            },
            "background_sync": {

            },
            "bluetooth_chooser_data": {

            },
            "bluetooth_guard": {

            },
            "bluetooth_scanning": {

            },
            "camera_pan_tilt_zoom": {

            },
            "client_hints": {
               "https://www.amazon.in:443,*": {
                  "expiration": "0",
                  "last_modified": "13270879199250233",
                  "model": 1,
                  "setting": {
                     "client_hints": [ 6, 4, 5 ],
                     "expiration_time": 88026405599.25023
                  }
               }
            },
            "clipboard": {

            },
            "cookies": {

            },
            "durable_storage": {

            },
            "file_handling": {

            },
            "file_system_last_picked_directory": {

            },
            "file_system_read_guard": {

            },
            "file_system_write_guard": {

            },
            "font_access": {

            },
            "geolocation": {

            },
            "hid_chooser_data": {

            },
            "hid_guard": {

            },
            "idle_detection": {

            },
            "images": {

            },
            "important_site_info": {

            },
            "insecure_private_network": {

            },
            "installed_web_app_metadata": {

            },
            "intent_picker_auto_display": {

            },
            "javascript": {

            },
            "legacy_cookie_access": {

            },
            "media_engagement": {
               "https://accounts.google.com:443,*": {
                  "expiration": "0",
                  "last_modified": "13270792600136797",
                  "model": 0,
                  "setting": {
                     "hasHighScore": false,
                     "lastMediaPlaybackTime": 0.0,
                     "mediaPlaybacks": 0,
                     "visits": 1
                  }
               },
               "https://expired.badssl.com:443,*": {
                  "expiration": "0",
                  "last_modified": "13270862770898942",
                  "model": 0,
                  "setting": {
                     "hasHighScore": false,
                     "lastMediaPlaybackTime": 0.0,
                     "mediaPlaybacks": 0,
                     "visits": 2
                  }
               },
               "https://www.amazon.in:443,*": {
                  "expiration": "0",
                  "last_modified": "13270879233253847",
                  "model": 0,
                  "setting": {
                     "hasHighScore": false,
                     "lastMediaPlaybackTime": 0.0,
                     "mediaPlaybacks": 0,
                     "visits": 7
                  }
               },
               "https://www.flipkart.com:443,*": {
                  "expiration": "0",
                  "last_modified": "13270792537338383",
                  "model": 0,
                  "setting": {
                     "hasHighScore": false,
                     "lastMediaPlaybackTime": 0.0,
                     "mediaPlaybacks": 0,
                     "visits": 1
                  }
               },
               "https://www.google.com:443,*": {
                  "expiration": "0",
                  "last_modified": "13270792540741378",
                  "model": 0,
                  "setting": {
                     "hasHighScore": false,
                     "lastMediaPlaybackTime": 0.0,
                     "mediaPlaybacks": 0,
                     "visits": 1
                  }
               }
            },
            "media_stream_camera": {

            },
            "media_stream_mic": {

            },
            "midi_sysex": {

            },
            "mixed_script": {

            },
            "nfc": {

            },
            "notifications": {

            },
            "password_protection": {

            },
            "payment_handler": {

            },
            "permission_autoblocking_data": {

            },
            "permission_autorevocation_data": {

            },
            "popups": {

            },
            "ppapi_broker": {

            },
            "protocol_handler": {

            },
            "safe_browsing_url_check_data": {

            },
            "sensors": {

            },
            "serial_chooser_data": {

            },
            "serial_guard": {

            },
            "site_engagement": {
               "https://accounts.google.com:443,*": {
                  "expiration": "0",
                  "last_modified": "13270877653466128",
                  "model": 0,
                  "setting": {
                     "lastEngagementTime": 1.3270848034489908e+16,
                     "lastShortcutLaunchTime": 0.0,
                     "pointsAddedToday": 3.6,
                     "rawScore": 3.6
                  }
               },
               "https://chrome.google.com:443,*": {
                  "expiration": "0",
                  "last_modified": "13270877653466178",
                  "model": 0,
                  "setting": {
                     "lastEngagementTime": 1.327084800476814e+16,
                     "lastShortcutLaunchTime": 0.0,
                     "pointsAddedToday": 2.1,
                     "rawScore": 2.1
                  }
               },
               "https://expired.badssl.com:443,*": {
                  "expiration": "0",
                  "last_modified": "13270877653465986",
                  "model": 0,
                  "setting": {
                     "lastEngagementTime": 1.3270848853465906e+16,
                     "lastShortcutLaunchTime": 0.0,
                     "pointsAddedToday": 4.5,
                     "rawScore": 4.5
                  }
               },
               "https://www.amazon.in:443,*": {
                  "expiration": "0",
                  "last_modified": "13270879226684052",
                  "model": 0,
                  "setting": {
                     "lastEngagementTime": 1.3270879226684024e+16,
                     "lastShortcutLaunchTime": 0.0,
                     "pointsAddedToday": 14.999999999999998,
                     "rawScore": 14.999999999999998
                  }
               },
               "https://www.flipkart.com:443,*": {
                  "expiration": "0",
                  "last_modified": "13270877653466071",
                  "model": 0,
                  "setting": {
                     "lastEngagementTime": 1.3270847959767676e+16,
                     "lastShortcutLaunchTime": 0.0,
                     "pointsAddedToday": 3.6,
                     "rawScore": 3.6
                  }
               },
               "https://www.google.com:443,*": {
                  "expiration": "0",
                  "last_modified": "13270877653466231",
                  "model": 0,
                  "setting": {
                     "lastEngagementTime": 1.3270847987977404e+16,
                     "lastShortcutLaunchTime": 0.0,
                     "pointsAddedToday": 3.0,
                     "rawScore": 3.0
                  }
               }
            },
            "sound": {

            },
            "ssl_cert_decisions": {

            },
            "storage_access": {

            },
            "subresource_filter": {

            },
            "subresource_filter_data": {

            },
            "usb_chooser_data": {

            },
            "usb_guard": {

            },
            "vr": {

            },
            "window_placement": {

            }
         },
         "pref_version": 1
      },
      "created_by_version": "91.0.4472.124",
      "creation_time": "13270792354255511",
      "exit_type": "Normal",
      "exited_cleanly": true,
      "icon_version": 7,
      "last_engagement_time": "13270879226684023",
      "last_time_obsolete_http_credentials_removed": 1626318814.440904,
      "managed_user_id": "",
      "name": "julychromeprofile",
      "password_account_storage_settings": {

      },
      "was_phished_credentials_uploaded_to_sync": true
   },
   "safebrowsing": {
      "event_timestamps": {

      },
      "metrics_last_log_time": "13270878754"
   },
   "sessions": {
      "event_log": [ {
         "tab_count": 1,
         "time": "13270877949094387",
         "type": 2,
         "window_count": 1
      }, {
         "crashed": false,
         "time": "13270878070036982",
         "type": 0
      }, {
         "tab_count": 1,
         "time": "13270878121003864",
         "type": 2,
         "window_count": 1
      }, {
         "crashed": false,
         "time": "13270878306272091",
         "type": 0
      }, {
         "tab_count": 1,
         "time": "13270878364238250",
         "type": 2,
         "window_count": 1
      }, {
         "crashed": false,
         "time": "13270878694113794",
         "type": 0
      }, {
         "tab_count": 1,
         "time": "13270878803641890",
         "type": 2,
         "window_count": 1
      }, {
         "crashed": false,
         "time": "13270878811431686",
         "type": 0
      }, {
         "tab_count": 1,
         "time": "13270878919244818",
         "type": 2,
         "window_count": 1
      }, {
         "crashed": false,
         "time": "13270879160052357",
         "type": 0
      }, {
         "tab_count": 1,
         "time": "13270879233244093",
         "type": 2,
         "window_count": 1
      } ]
   },
   "signin": {
      "DiceMigrationComplete": true,
      "allowed": true
   },
   "spellcheck": {
      "dictionaries": [ "en-US" ],
      "dictionary": "",
      "use_spelling_service": false
   },
   "sync": {
      "requested": false
   },
   "token_service": {
      "dice_compatible": true
   },
   "translate_site_blacklist_with_time": {

   },
   "unified_consent": {
      "migration_state": 10
   },
   "web_apps": {
      "did_migrate_default_chrome_apps": [  ],
      "last_preinstall_synchronize_version": "91",
      "system_web_app_failure_count": 0,
      "system_web_app_last_attempted_language": "en-US",
      "system_web_app_last_attempted_update": "91.0.4472.124",
      "system_web_app_last_installed_language": "en-US",
      "system_web_app_last_update": "91.0.4472.124"
   }
}
[1626406097.687][INFO]: Populating Local State file: {
   "background_mode": {
      "enabled": false
   },
   "browser": {
      "shortcut_migration_version": "91.0.4472.124"
   },
   "data_use_measurement": {
      "data_used": {
         "services": {
            "background": {

            },
            "foreground": {

            }
         },
         "user": {
            "background": {

            },
            "foreground": {

            }
         }
      }
   },
   "hardware_acceleration_mode_previous": true,
   "legacy": {
      "profile": {
         "name": {
            "migrated": true
         }
      }
   },
   "os_crypt": {
      "encrypted_key": "RFBBUEkBAAAA0Iyd3wEV0RGMegDAT8KX6wEAAABIfeACSuB+SYX8imWow5+/AAAAAAIAAAAAABBmAAAAAQAAIAAAAB622caUearHcHb78xt6QPggywPtKaQOPJ9Dgl3jmySRAAAAAA6AAAAAAgAAIAAAAPb+6s6c9nq814oUpOkqLiOtNxmyHu9sPyvIwpEubICXMAAAAIFEiI8fymbOjMgppajq7Tw3eCwbTawMZCWuEdY5oIG6DfdN2DwXvyOQUTWMXS1/10AAAAAdl4oLnrcy7oTrFC5tcyz+q0PKske3H5Iu4APiTv0WDVhGo50jygcMUNGpXZj12vjhGLVsHnRXNbxjERPrr1lM"
   },
   "password_manager": {
      "os_password_blank": true,
      "os_password_last_changed": "13270879201176699"
   },
   "policy": {
      "last_statistics_update": "13270793117352092"
   },
   "profile": {
      "info_cache": {
         "Default": {
            "active_time": 1626404051.017181,
            "avatar_icon": "chrome://theme/IDR_PROFILE_AVATAR_26",
            "background_apps": false,
            "default_avatar_fill_color": -10089165,
            "default_avatar_stroke_color": -1,
            "gaia_given_name": "",
            "gaia_id": "",
            "gaia_name": "",
            "hosted_domain": "",
            "is_consented_primary_account": false,
            "is_ephemeral": false,
            "is_guest": false,
            "is_using_default_avatar": true,
            "is_using_default_name": false,
            "managed_user_id": "",
            "metrics_bucket_index": 1,
            "name": "julychromeprofile",
            "profile_highlight_color": -10089165,
            "user_name": ""
         }
      },
      "last_active_profiles": [  ],
      "metrics": {
         "next_bucket_index": 2
      },
      "profile_counts_reported": "13270793117362602"
   },
   "profile_network_context_service": {
      "http_cache_finch_experiment_groups": "None None None"
   },
   "shutdown": {
      "num_processes": 5,
      "num_processes_slow": 1,
      "type": 1
   },
   "ssl": {
      "rev_checking": {
         "enabled": false
      }
   },
   "subresource_filter": {
      "ruleset_version": {
         "checksum": 1815104232,
         "content": "9.28.0",
         "format": 29
      }
   },
   "tab_stats": {
      "last_daily_sample": "13270793118356211",
      "max_tabs_per_window": 1,
      "total_tab_count_max": 1,
      "window_count_max": 1
   },
   "ukm": {
      "persisted_logs": [  ]
   },
   "uninstall_metrics": {
      "installation_date2": "1574898982"
   },
   "updateclientdata": {
      "apps": {
         "aemomkdncapdnfajjbbcbdebjljbpmpj": {
            "cohort": "1::",
            "cohortname": "",
            "dlrc": 5309,
            "pf": "af36ee72-41e8-45a1-846f-3ce46b74b83f"
         },
         "cmahhnpholdijhjokonmfdjbfmklppij": {
            "cohort": "1:wr3:",
            "cohorthint": "Auto",
            "cohortname": "Auto",
            "dlrc": 5309,
            "fp": "1.b4ddbdce4f8d5c080328aa34c19cb533f2eedec580b5d97dc14f74935e4756b7",
            "pf": "a856bb91-aceb-4cea-b215-920e760c671e",
            "pv": "1.0.6"
         },
         "dhlpobdgcjafebgbbhjdnapejmpkgiie": {
            "cohort": "1:z9x:",
            "cohorthint": "Auto",
            "cohortname": "Auto",
            "dlrc": 5309,
            "fp": "1.3eeded944371798374de67d1fa7bb8f32f90a7cd502b04ee71e0de0cf79e2a11",
            "pf": "83a6f6fe-0705-4007-8ad7-95353d0855de",
            "pv": "20210609.1"
         },
         "eeigpngbgcognadeebkilcpcaedhellh": {
            "cohort": "1:w59:",
            "cohorthint": "Auto",
            "cohortname": "Auto",
            "dlrc": 5309,
            "pf": "b708753f-b71d-4836-9062-32ea7977efb3"
         },
         "ehgidpndbllacpjalkiimkbadgjfnnmc": {
            "cohort": "1:ofl:",
            "cohorthint": "stable64",
            "cohortname": "stable64",
            "dlrc": 5309,
            "fp": "1.a8a79d350c2a5e3bc36226633a8e0bed0dfab184e77f38fc8f0820ebacf8eafc",
            "pf": "db1e39cf-0ecd-4291-b753-b215cde5e039",
            "pv": "2018.8.8.0"
         },
         "gcmjkmgdlgnkkcocmoeiminaijmmjnii": {
            "cohort": "1:bm1:1069@0.01,1089@0.1",
            "cohorthint": "M54ToM99",
            "cohortname": "M54ToM99",
            "dlrc": 5309,
            "fp": "1.91ee417000553ca22ed67530545c4177a08e7ffcf602c292a71bd89ecd0568a5",
            "pf": "d49ecc75-208d-4628-afdc-39ff67ddb81c",
            "pv": "9.28.0"
         },
         "ggkkehgbnfjpeggfpleeakpidbkibbmn": {
            "cohort": "1:ut9:10gl@0.01",
            "cohorthint": "M80ToM99",
            "cohortname": "M80ToM99",
            "dlrc": 5309,
            "fp": "1.e03336cad15559578407db3fc7c08de34022cd38341bcf10f88b6ff93cf0d9b9",
            "pf": "e98bd493-956c-4de7-b66b-c43c108813ad",
            "pv": "2021.6.21.1141"
         },
         "giekcmmlnklenlaomppkphknjmnnpneh": {
            "cohort": "1:j5l:",
            "cohorthint": "Auto",
            "cohortname": "Auto",
            "dlrc": 5309,
            "fp": "1.fd515ec0dc30d25a09641b8b83729234bc50f4511e35ce17d24fd996252eaace",
            "pf": "6298c597-5acc-431e-b2ef-9f898ce1568b",
            "pv": "7"
         },
         "gkmgaooipdjhmangpemjhigmamcehddo": {
            "cohort": "1::",
            "cohortname": "",
            "dlrc": 5309,
            "pf": "82aadacf-2733-45b3-908f-9d6bc9b420cb"
         },
         "hfnkpimlhhgieaddgfemjhofmfblmnib": {
            "cohort": "1:jcl:",
            "cohorthint": "Auto",
            "cohortname": "Auto",
            "dlrc": 5309,
            "fp": "1.fcd3314afb48d2968e73411192c0595880283f7b6fc8e78c138f268d1ffc57cb",
            "pf": "c6519dc0-ee13-4c75-9fa9-de12fa730828",
            "pv": "6732"
         },
         "hnimpnehoodheedghdeeijklkeaacbdc": {
            "cohort": "1::",
            "cohortname": "",
            "dlrc": 5309,
            "fp": "1.6f6bc93dcd62dc251850d2ff458fda96083ceb7fbe8eeb11248b8485ef2aea23",
            "pf": "fac76c44-7a98-48d7-bd23-f2f71c07fbd2",
            "pv": "0.57.44.2492"
         },
         "ihnlcenocehgdaegdmhbidjhnhdchfmm": {
            "cohort": "1::",
            "cohortname": "",
            "dlrc": 5309,
            "pf": "9300069b-aff7-465b-9ca0-78e91ebfafe9"
         },
         "jamhcnnkihinmdlkakkaopbjbbcngflc": {
            "cohort": "1:wvr:",
            "cohorthint": "Auto",
            "cohortname": "Auto",
            "dlrc": 5309,
            "fp": "1.4cc7ca58f2cea934a6fb0bcf37f4404356bb0bda06adfbb5a98626914ad0a655",
            "pf": "23b012c0-28d2-4837-b5b3-53f390b07492",
            "pv": "93.0.4576.0"
         },
         "jflookgnkcckhobaglndicnbbgbonegd": {
            "cohort": "1:s7x:",
            "cohorthint": "Auto",
            "cohortname": "Auto",
            "dlrc": 5309,
            "fp": "1.ff4c9e0ffef6311c1e0cf645ee7179e94a23f0dbaed7b596e1b5f9be0684c3e7",
            "pf": "bf7db6f7-4963-43f9-988d-995cb7801a5f",
            "pv": "2659"
         },
         "khaoiebndkojlmppeemjhbpbandiljpe": {
            "cohort": "1:cux:",
            "cohorthint": "Auto",
            "cohortname": "Auto",
            "dlrc": 5309,
            "fp": "1.ffd1d2d75a8183b0a1081bd03a7ce1d140fded7a9fb52cf3ae864cd4d408ceb4",
            "pf": "82c78ac2-126b-46d4-906c-5f7653de1bf8",
            "pv": "43"
         },
         "llkgjffcdpffmhiakmfcdcblohccpfmo": {
            "cohort": "1::",
            "cohortname": "",
            "dlrc": 5309,
            "pf": "9020a257-84a6-46c5-9095-85740f2aa169"
         },
         "obedbbhbpmojnkanicioggnmelmoomoc": {
            "cohort": "1:s6f:",
            "cohorthint": "Auto",
            "cohortname": "Auto",
            "dlrc": 5309,
            "fp": "1.799cd482b1378a60ee57597c532bfccab34530119fbf87b2e7e9f676016c381a",
            "pf": "6bf7d3d3-caab-4f49-81ee-e0c356d501d4",
            "pv": "20210705.383967546"
         },
         "oimompecagnajdejgnnjijobebaeigek": {
            "cohort": "1::",
            "cohortname": "",
            "dlrc": 5309,
            "pf": "4afa4332-c2f0-4d00-ad41-e626a4eba39e"
         },
         "ojhpjlocmbogdgmfpkhlaaeamibhnphh": {
            "cohort": "1:w0x:",
            "cohorthint": "Auto",
            "cohortname": "Auto",
            "dlrc": 5309,
            "pf": "013b5a8a-e720-428e-af12-d630c098db71"
         },
         "pdafiollngonhoadbmdoemagnfpdphbe": {
            "cohort": "1:vz3:",
            "cohorthint": "Auto",
            "cohortname": "Auto",
            "dlrc": 5309,
            "pf": "4b0b7ac9-8879-49da-8aeb-fd02561aa216"
         }
      }
   },
   "user_experience_metrics": {
      "client_id2": "73c9e22d-b2ef-4602-a610-a24c2b84ca64",
      "client_id_timestamp": "1574836563",
      "low_entropy_source3": 4956,
      "machine_id": 4809022,
      "pseudo_low_entropy_source": 7963,
      "session_id": 8,
      "stability": {
         "browser_last_live_timestamp": "13270879233363204",
         "child_process_crash_count": 0,
         "crash_count": 0,
         "exited_cleanly": true,
         "extension_renderer_crash_count": 0,
         "extension_renderer_failed_launch_count": 0,
         "extension_renderer_launch_count": 9,
         "gpu_crash_count": 0,
         "incomplete_session_end_count": 0,
         "launch_count": 9,
         "page_load_count": 36,
         "plugin_stats2": [  ],
         "renderer_crash_count": 0,
         "renderer_failed_launch_count": 0,
         "renderer_hang_count": 0,
         "renderer_launch_count": 51,
         "session_end_completed": true,
         "stats_buildtime": "1624480158",
         "stats_version": "91.0.4472.124-64",
         "system_crash_count": 0
      }
   },
   "was": {
      "restarted": false
   }
}
[1626406097.692][INFO]: Launching chrome: "C:\Program Files (x86)\Google\Chrome\Application\chrome.exe" --allow-pre-commit-input --disable-background-networking --disable-backgrounding-occluded-windows --disable-client-side-phishing-detection --disable-default-apps --disable-hang-monitor --disable-notifications --disable-popup-blocking --disable-prompt-on-repost --disable-sync --enable-automation --enable-blink-features=ShadowDOMV0 --enable-logging --ignore-certificate-errors --log-level=0 --no-first-run --no-service-autorun --password-store=basic --remote-debugging-port=0 --start-maximized --test-type=webdriver --use-mock-keychain --user-data-dir="C:\Users\DELL\AppData\Local\Google\Chrome\User Data\Profile 23"
[1626406098.904][INFO]: resolved localhost to ["::1","127.0.0.1"]
[1626406103.851][INFO]: [d389557729bc66b1daa4f1e8ab0d7148] RESPONSE InitSession {
   "capabilities": {
      "acceptInsecureCerts": false,
      "browserName": "chrome",
      "browserVersion": "91.0.4472.124",
      "chrome": {
         "chromedriverVersion": "91.0.4472.101 (af52a90bf87030dd1523486a1cd3ae25c5d76c9b-refs/branch-heads/4472@{#1462})",
         "userDataDir": "C:\\Users\\DELL\\AppData\\Local\\Google\\Chrome\\User Data\\Profile 23"
      },
      "goog:chromeOptions": {
         "debuggerAddress": "localhost:63819"
      },
      "networkConnectionEnabled": false,
      "pageLoadStrategy": "normal",
      "platformName": "windows",
      "proxy": {

      },
      "setWindowRect": true,
      "strictFileInteractability": false,
      "timeouts": {
         "implicit": 0,
         "pageLoad": 300000,
         "script": 30000
      },
      "unhandledPromptBehavior": "dismiss and notify",
      "webauthn:extension:largeBlob": true,
      "webauthn:virtualAuthenticators": true
   },
   "sessionId": "d389557729bc66b1daa4f1e8ab0d7148"
}
[1626406103.942][INFO]: [d389557729bc66b1daa4f1e8ab0d7148] COMMAND Navigate {
   "url": "https://www.amazon.in"
}
[1626406103.942][INFO]: Waiting for pending navigations...
[1626406103.945][INFO]: Done waiting for pending navigations. Status: ok
[1626406107.871][INFO]: Waiting for pending navigations...
[1626406111.633][INFO]: Done waiting for pending navigations. Status: ok
[1626406111.633][INFO]: [d389557729bc66b1daa4f1e8ab0d7148] RESPONSE Navigate
[1626406111.653][INFO]: [d389557729bc66b1daa4f1e8ab0d7148] COMMAND FindElement {
   "using": "css selector",
   "value": "#searchDropdownBox"
}
[1626406111.654][INFO]: Waiting for pending navigations...
[1626406111.684][INFO]: Done waiting for pending navigations. Status: ok
[1626406136.851][INFO]: Waiting for pending navigations...
[1626406136.964][INFO]: Done waiting for pending navigations. Status: ok
[1626406136.964][INFO]: [d389557729bc66b1daa4f1e8ab0d7148] RESPONSE FindElement {
   "element-6066-11e4-a52e-4f735466cecf": "ee2d6c2a-f62f-4bb1-b378-a208a9a73de8"
}
[1626406137.004][INFO]: [d389557729bc66b1daa4f1e8ab0d7148] COMMAND TypeElement {
   "id": "ee2d6c2a-f62f-4bb1-b378-a208a9a73de8",
   "text": "Books",
   "value": [ "B", "o", "o", "k", "s" ]
}
[1626406137.004][INFO]: Waiting for pending navigations...
[1626406137.094][INFO]: Done waiting for pending navigations. Status: ok
[1626406138.450][INFO]: Waiting for pending navigations...
[1626406138.523][INFO]: Done waiting for pending navigations. Status: ok
[1626406138.523][INFO]: [d389557729bc66b1daa4f1e8ab0d7148] RESPONSE TypeElement
[1626406138.547][INFO]: [d389557729bc66b1daa4f1e8ab0d7148] COMMAND FindElement {
   "using": "css selector",
   "value": "*[name='field-keywords']"
}
[1626406138.548][INFO]: Waiting for pending navigations...
[1626406138.548][INFO]: Done waiting for pending navigations. Status: ok
[1626406138.565][INFO]: Waiting for pending navigations...
[1626406138.566][INFO]: Done waiting for pending navigations. Status: ok
[1626406138.566][INFO]: [d389557729bc66b1daa4f1e8ab0d7148] RESPONSE FindElement {
   "element-6066-11e4-a52e-4f735466cecf": "451acb88-f94a-4007-b258-723a91ab76ce"
}
[1626406138.582][INFO]: [d389557729bc66b1daa4f1e8ab0d7148] COMMAND TypeElement {
   "id": "451acb88-f94a-4007-b258-723a91ab76ce",
   "text": "Harry Potter",
   "value": [ "H", "a", "r", "r", "y", " ", "P", "o", "t", "t", "e", "r" ]
}
[1626406138.582][INFO]: Waiting for pending navigations...
[1626406138.583][INFO]: Done waiting for pending navigations. Status: ok
[1626406138.754][INFO]: Waiting for pending navigations...
[1626406138.758][INFO]: Done waiting for pending navigations. Status: ok
[1626406138.758][INFO]: [d389557729bc66b1daa4f1e8ab0d7148] RESPONSE TypeElement
[1626406138.777][INFO]: [d389557729bc66b1daa4f1e8ab0d7148] COMMAND FindElement {
   "using": "css selector",
   "value": "#nav-search-submit-button"
}
[1626406138.777][INFO]: Waiting for pending navigations...
[1626406138.778][INFO]: Done waiting for pending navigations. Status: ok
[1626406138.794][INFO]: Waiting for pending navigations...
[1626406138.796][INFO]: Done waiting for pending navigations. Status: ok
[1626406138.796][INFO]: [d389557729bc66b1daa4f1e8ab0d7148] RESPONSE FindElement {
   "element-6066-11e4-a52e-4f735466cecf": "6b83e524-2061-4f3a-a88b-2f9146f57cb6"
}
[1626406138.811][INFO]: [d389557729bc66b1daa4f1e8ab0d7148] COMMAND ClickElement {
   "id": "6b83e524-2061-4f3a-a88b-2f9146f57cb6"
}
[1626406138.811][INFO]: Waiting for pending navigations...
[1626406138.812][INFO]: Done waiting for pending navigations. Status: ok
[1626406138.972][INFO]: Waiting for pending navigations...
[1626406146.058][INFO]: Done waiting for pending navigations. Status: ok
[1626406146.059][INFO]: [d389557729bc66b1daa4f1e8ab0d7148] RESPONSE ClickElement
